[2023-06-10 19:40:56] START
[2023-06-10 19:44:58] EDIT projeto/models/db.py: 12
[2023-06-10 19:46:58] EDIT projeto/controllers/default.py: 20
[2023-06-10 19:47:01] EDIT projeto/models/db.py: 0
[2023-06-10 19:51:27] CREATE default/nova_conta.html: 0
[2023-06-10 19:51:59] EDIT projeto/views/default/nova_conta.html: 0
[2023-06-10 20:11:28] EDIT projeto/controllers/default.py: 2
[2023-06-10 20:13:18] EDIT projeto/controllers/default.py: 2
[2023-06-10 20:13:39] EDIT projeto/controllers/default.py: 0
[2023-06-10 20:14:45] EDIT projeto/controllers/default.py: 0
[2023-06-10 20:14:57] EDIT projeto/controllers/default.py: 0
[2023-06-10 20:15:11] EDIT projeto/controllers/default.py: -2
[2023-06-10 20:18:47] EDIT projeto/controllers/default.py: -2
[2023-06-10 20:19:06] EDIT projeto/controllers/default.py: 2
[2023-06-10 20:21:29] EDIT projeto/controllers/default.py: 2
[2023-06-10 20:22:53] EDIT projeto/controllers/default.py: 0
[2023-06-10 20:24:32] EDIT projeto/controllers/default.py: -2
[2023-06-10 20:24:36] EDIT projeto/models/db.py: 0
[2023-06-10 20:25:18] EDIT projeto/controllers/default.py: -2
[2023-06-10 20:33:19] EDIT projeto/controllers/default.py: 2
[2023-06-10 20:34:21] EDIT projeto/controllers/default.py: -2
[2023-06-10 20:58:05] EDIT projeto/models/db.py: 0
[2023-06-10 21:07:45] EDIT projeto/models/db.py: 0
[2023-06-10 21:07:58] EDIT projeto/models/db.py: 0
[2023-06-10 21:15:37] EDIT projeto/controllers/default.py: 3
[2023-06-10 21:16:22] EDIT projeto/models/db.py: 0
[2023-06-10 21:22:56] EDIT projeto/controllers/default.py: 11
[2023-06-10 21:23:59] EDIT projeto/controllers/default.py: 0
[2023-06-11 11:31:42] EDIT projeto/controllers/default.py: 0
[2023-06-11 11:53:19] EDIT projeto/controllers/default.py: 4
[2023-06-11 12:04:11] EDIT projeto/controllers/default.py: 3
[2023-06-11 12:05:48] EDIT projeto/controllers/default.py: 0
[2023-06-11 12:12:42] EDIT projeto/controllers/default.py: 0
[2023-06-11 12:14:37] EDIT projeto/controllers/default.py: 0
[2023-06-11 12:16:07] EDIT projeto/controllers/default.py: 0
[2023-06-11 12:27:43] CREATE default/ver_transacao.html: 0
[2023-06-11 12:28:32] EDIT projeto/views/default/ver_transacao.html: 2
[2023-06-11 12:39:55] EDIT projeto/views/default/ver_transacao.html: 21
[2023-06-11 12:40:45] EDIT projeto/views/default/ver_transacao.html: -1
[2023-06-11 12:41:37] EDIT projeto/views/default/ver_transacao.html: 1
[2023-06-11 14:41:33] EDIT projeto/views/default/ver_transacao.html: 4
[2023-06-11 14:42:22] EDIT projeto/views/default/ver_transacao.html: 0
[2023-06-11 14:53:41] EDIT projeto/views/default/ver_transacao.html: -27
[2023-06-11 14:53:42] EDIT projeto/controllers/default.py: -3
[2023-06-11 14:53:43] EDIT projeto/models/db.py: 0
[2023-06-11 16:01:14] EDIT projeto/models/db.py: 1
[2023-06-11 16:01:29] EDIT projeto/models/db.py: 0
[2023-06-11 16:02:28] EDIT projeto/models/db.py: 0
[2023-06-11 16:02:40] EDIT projeto/models/db.py: 0
[2023-06-11 16:02:44] EDIT projeto/models/db.py: 0
[2023-06-11 16:03:05] EDIT projeto/models/db.py: 0
[2023-06-11 16:21:33] EDIT projeto/controllers/default.py: 4
[2023-06-11 16:33:31] EDIT projeto/controllers/default.py: 0
[2023-06-12 11:19:33] EDIT projeto/views/default/index.html: 0
[2023-06-12 11:20:12] EDIT projeto/views/default/index.html: -5
[2023-06-12 11:29:52] EDIT projeto/views/default/index.html: 8
[2023-06-12 11:30:41] EDIT projeto/views/default/index.html: -1
[2023-06-12 11:32:13] EDIT projeto/views/default/index.html: -6
[2023-06-12 11:33:12] EDIT projeto/views/default/index.html: -17
[2023-06-12 11:33:24] EDIT projeto/views/default/index.html: 17
[2023-06-12 11:33:40] EDIT projeto/views/default/index.html: -12
[2023-06-12 11:33:48] EDIT projeto/views/default/index.html: -1
[2023-06-12 11:34:09] EDIT projeto/views/default/index.html: -1
[2023-06-12 11:34:42] EDIT projeto/views/default/index.html: -1
[2023-06-12 11:36:37] EDIT projeto/views/default/index.html: 0
[2023-06-12 11:37:01] EDIT projeto/views/default/index.html: 0
[2023-06-12 11:37:49] EDIT projeto/views/default/index.html: -7
[2023-06-12 11:37:55] EDIT projeto/views/default/index.html: 7
[2023-06-12 11:44:41] CREATE css/custom.css: 0
[2023-06-12 11:44:46] CREATE css/custom.css: 0
[2023-06-12 11:45:11] DELETE projeto/views/css/custom.css: 0
[2023-06-12 11:45:52] EDIT projeto/static/css/custom.css: 3
[2023-06-12 11:46:23] EDIT projeto/views/default/index.html: 1
[2023-06-12 11:46:34] EDIT projeto/static/css/custom.css: 0
[2023-06-12 11:47:06] EDIT projeto/views/layout.html: 0
[2023-06-12 11:47:44] EDIT projeto/static/css/custom.css: 0
[2023-06-12 11:50:37] EDIT projeto/static/css/custom.css: 6
[2023-06-12 11:51:13] EDIT projeto/views/layout.html: 0
[2023-06-12 11:51:15] EDIT projeto/static/css/custom.css: 0
[2023-06-12 11:51:17] EDIT projeto/views/default/index.html: 0
[2023-06-12 11:51:30] EDIT projeto/static/css/custom.css: 0
[2023-06-12 11:51:43] EDIT projeto/static/css/custom.css: 0
[2023-06-12 11:51:54] EDIT projeto/static/css/custom.css: 0
[2023-06-12 11:52:08] EDIT projeto/static/css/custom.css: 0
[2023-06-12 11:52:38] EDIT projeto/static/css/custom.css: 1
[2023-06-12 11:55:03] EDIT projeto/static/css/custom.css: 1
[2023-06-12 11:55:19] EDIT projeto/static/css/custom.css: 0
[2023-06-12 11:55:32] EDIT projeto/static/css/custom.css: 0
[2023-06-12 11:58:39] EDIT projeto/static/css/web2py.css: 0
[2023-06-12 11:58:56] EDIT projeto/static/css/web2py.css: 0
[2023-06-12 11:59:27] EDIT projeto/static/css/web2py.css: 1
[2023-06-12 11:59:41] EDIT projeto/static/css/web2py.css: -1
[2023-06-12 11:59:58] EDIT projeto/static/css/custom.css: -1
[2023-06-12 12:00:55] EDIT projeto/views/layout.html: 0
[2023-06-12 12:05:58] EDIT projeto/controllers/default.py: 5
[2023-06-12 12:06:07] EDIT projeto/controllers/default.py: 0
[2023-06-12 12:06:25] EDIT projeto/controllers/default.py: -2
[2023-06-12 12:06:41] EDIT projeto/controllers/default.py: -1
[2023-06-12 12:10:48] EDIT projeto/models/menu.py: 1
[2023-06-12 12:11:13] EDIT projeto/models/menu.py: 0
[2023-06-12 12:11:20] EDIT projeto/models/menu.py: -1
[2023-06-12 12:12:18] EDIT projeto/models/menu.py: -94
[2023-06-12 12:14:00] EDIT projeto/models/menu.py: 97
[2023-06-12 12:14:16] EDIT projeto/models/menu.py: 0
[2023-06-12 12:15:02] EDIT projeto/models/menu.py: -94
[2023-06-12 12:15:29] EDIT projeto/models/menu.py: -2
[2023-06-12 12:16:50] EDIT projeto/models/menu.py: 94
[2023-06-12 12:17:27] EDIT projeto/models/menu.py: 0
[2023-06-12 12:17:31] EDIT projeto/models/menu.py: 0
[2023-06-12 12:17:46] EDIT projeto/models/menu.py: -94
[2023-06-12 12:18:35] EDIT projeto/models/menu.py: 0
[2023-06-12 12:18:35] EDIT projeto/models/menu.py: 0
[2023-06-12 12:19:30] EDIT projeto/controllers/default.py: 0
[2023-06-12 12:20:06] EDIT projeto/models/menu.py: 0
[2023-06-12 12:22:14] EDIT projeto/models/menu.py: 3
[2023-06-12 12:22:40] EDIT projeto/models/menu.py: 0
[2023-06-12 12:23:18] EDIT projeto/views/default/index.html: 0
[2023-06-12 12:24:22] EDIT projeto/views/default/index.html: 1
[2023-06-12 12:26:14] EDIT projeto/views/default/index.html: 6
[2023-06-12 12:26:56] EDIT projeto/views/default/index.html: 0
[2023-06-12 12:27:56] EDIT projeto/views/default/index.html: 0
[2023-06-12 12:32:31] EDIT projeto/views/default/index.html: 6
[2023-06-12 15:17:05] EDIT projeto/models/menu.py: -2
[2023-06-12 15:17:38] EDIT projeto/views/default/index.html: 3
[2023-06-14 12:13:33] EDIT projeto/models/db.py: -4
[2023-06-14 17:41:20] EDIT projeto/views/default/index.html: 1
[2023-06-14 17:41:26] EDIT projeto/controllers/default.py: -10
[2023-06-14 17:41:29] EDIT projeto/models/db.py: 0
